{
  "0 debug pnpm:scope": {
    "selected": 1,
    "workspacePrefix": "/Users/raalzz/Documents/workspace/Work/Antstack/hover-design-fork"
  },
  "1 error pnpm": {
    "errno": 1,
    "code": "ELIFECYCLE",
    "pkgid": "@hover-design/base@1.0.0",
    "stage": "start",
    "script": "node server.js",
    "pkgname": "@hover-design/base",
    "err": {
      "name": "pnpm",
      "message": "@hover-design/base@1.0.0 start: `node server.js`\nExit status 1",
      "code": "ELIFECYCLE",
      "stack": "pnpm: @hover-design/base@1.0.0 start: `node server.js`\nExit status 1\n    at EventEmitter.<anonymous> (/opt/homebrew/Cellar/pnpm/6.31.0/libexec/lib/node_modules/pnpm/dist/pnpm.cjs:105664:20)\n    at EventEmitter.emit (node:events:520:28)\n    at ChildProcess.<anonymous> (/opt/homebrew/Cellar/pnpm/6.31.0/libexec/lib/node_modules/pnpm/dist/pnpm.cjs:92211:18)\n    at ChildProcess.emit (node:events:520:28)\n    at maybeClose (node:internal/child_process:1092:16)\n    at Process.ChildProcess._handle.onexit (node:internal/child_process:302:5)"
    }
  }
}