{
  "0 debug pnpm:scope": {
    "selected": 1,
    "workspacePrefix": "/Users/pruthvishetty/Projects/Work/GitHub/hover-design"
  },
  "1 error pnpm": {
    "errno": 1,
    "code": "ELIFECYCLE",
    "pkgid": "@hover-design/base@1.0.0",
    "stage": "build",
    "script": "turbo run build",
    "pkgname": "@hover-design/base",
    "err": {
      "name": "pnpm",
      "message": "@hover-design/base@1.0.0 build: `turbo run build`\nExit status 1",
      "code": "ELIFECYCLE",
      "stack": "pnpm: @hover-design/base@1.0.0 build: `turbo run build`\nExit status 1\n    at EventEmitter.<anonymous> (/opt/homebrew/Cellar/pnpm/6.32.3/libexec/lib/node_modules/pnpm/dist/pnpm.cjs:105724:20)\n    at EventEmitter.emit (node:events:394:28)\n    at ChildProcess.<anonymous> (/opt/homebrew/Cellar/pnpm/6.32.3/libexec/lib/node_modules/pnpm/dist/pnpm.cjs:92285:18)\n    at ChildProcess.emit (node:events:394:28)\n    at maybeClose (node:internal/child_process:1064:16)\n    at Process.ChildProcess._handle.onexit (node:internal/child_process:301:5)"
    }
  }
}